  [1m[35m (389.2ms)[0m  [1m[35mCREATE DATABASE "ninety_nine_cats_development" ENCODING = 'unicode'[0m
  ↳ bin/rails:4
  [1m[35m (291.6ms)[0m  [1m[35mCREATE DATABASE "ninety_nine_cats_test" ENCODING = 'unicode'[0m
  ↳ bin/rails:4
  [1m[35m (4.4ms)[0m  [1m[35mCREATE TABLE "schema_migrations" ("version" character varying NOT NULL PRIMARY KEY)[0m
  ↳ bin/rails:4
  [1m[35m (7.0ms)[0m  [1m[35mCREATE TABLE "ar_internal_metadata" ("key" character varying NOT NULL PRIMARY KEY, "value" character varying, "created_at" timestamp NOT NULL, "updated_at" timestamp NOT NULL)[0m
  ↳ bin/rails:4
  [1m[35m (0.1ms)[0m  [1m[34mSELECT pg_try_advisory_lock(723150122408807205)[0m
  ↳ bin/rails:4
  [1m[35m (0.3ms)[0m  [1m[34mSELECT "schema_migrations"."version" FROM "schema_migrations" ORDER BY "schema_migrations"."version" ASC[0m
  ↳ bin/rails:4
Migrating to CreateCats (20170713053554)
  [1m[35m (0.1ms)[0m  [1m[35mBEGIN[0m
  ↳ bin/rails:4
  [1m[35m (3.3ms)[0m  [1m[35mCREATE TABLE "cats" ("id" bigserial primary key, "birth_date" date NOT NULL, "color" character varying NOT NULL, "name" character varying NOT NULL, "sex" character varying NOT NULL, "description" text, "created_at" timestamp NOT NULL, "updated_at" timestamp NOT NULL)[0m
  ↳ db/migrate/20170713053554_create_cats.rb:3
  [1m[36mActiveRecord::SchemaMigration Create (0.3ms)[0m  [1m[32mINSERT INTO "schema_migrations" ("version") VALUES ($1) RETURNING "version"[0m  [["version", "20170713053554"]]
  ↳ bin/rails:4
  [1m[35m (0.9ms)[0m  [1m[35mCOMMIT[0m
  ↳ bin/rails:4
Migrating to CreateCatRentalRequests (20170713053709)
  [1m[35m (0.1ms)[0m  [1m[35mBEGIN[0m
  ↳ bin/rails:4
  [1m[35m (2.6ms)[0m  [1m[35mCREATE TABLE "cat_rental_requests" ("id" bigserial primary key, "cat_id" integer NOT NULL, "end_date" date NOT NULL, "start_date" date NOT NULL, "status" character varying NOT NULL, "created_at" timestamp NOT NULL, "updated_at" timestamp NOT NULL)[0m
  ↳ db/migrate/20170713053709_create_cat_rental_requests.rb:3
  [1m[35m (1.1ms)[0m  [1m[35mCREATE  INDEX  "index_cat_rental_requests_on_cat_id" ON "cat_rental_requests"  ("cat_id")[0m
  ↳ db/migrate/20170713053709_create_cat_rental_requests.rb:11
  [1m[36mActiveRecord::SchemaMigration Create (0.2ms)[0m  [1m[32mINSERT INTO "schema_migrations" ("version") VALUES ($1) RETURNING "version"[0m  [["version", "20170713053709"]]
  ↳ bin/rails:4
  [1m[35m (0.9ms)[0m  [1m[35mCOMMIT[0m
  ↳ bin/rails:4
Migrating to CreateUsers (20201012182059)
  [1m[35m (0.1ms)[0m  [1m[35mBEGIN[0m
  ↳ bin/rails:4
  [1m[35m (2.8ms)[0m  [1m[35mCREATE TABLE "users" ("id" bigserial primary key, "user_name" character varying NOT NULL, "password_digest" character varying NOT NULL, "session_token" character varying NOT NULL, "created_at" timestamp NOT NULL, "updated_at" timestamp NOT NULL)[0m
  ↳ db/migrate/20201012182059_create_users.rb:3
  [1m[35m (1.0ms)[0m  [1m[35mCREATE UNIQUE INDEX  "index_users_on_session_token" ON "users"  ("session_token")[0m
  ↳ db/migrate/20201012182059_create_users.rb:9
  [1m[36mActiveRecord::SchemaMigration Create (0.2ms)[0m  [1m[32mINSERT INTO "schema_migrations" ("version") VALUES ($1) RETURNING "version"[0m  [["version", "20201012182059"]]
  ↳ bin/rails:4
  [1m[35m (0.8ms)[0m  [1m[35mCOMMIT[0m
  ↳ bin/rails:4
  [1m[36mActiveRecord::InternalMetadata Load (0.2ms)[0m  [1m[34mSELECT  "ar_internal_metadata".* FROM "ar_internal_metadata" WHERE "ar_internal_metadata"."key" = $1 LIMIT $2[0m  [["key", "environment"], ["LIMIT", 1]]
  ↳ bin/rails:4
  [1m[35m (0.1ms)[0m  [1m[35mBEGIN[0m
  ↳ bin/rails:4
  [1m[36mActiveRecord::InternalMetadata Create (0.3ms)[0m  [1m[32mINSERT INTO "ar_internal_metadata" ("key", "value", "created_at", "updated_at") VALUES ($1, $2, $3, $4) RETURNING "key"[0m  [["key", "environment"], ["value", "development"], ["created_at", "2020-10-12 18:23:44.671020"], ["updated_at", "2020-10-12 18:23:44.671020"]]
  ↳ bin/rails:4
  [1m[35m (0.7ms)[0m  [1m[35mCOMMIT[0m
  ↳ bin/rails:4
  [1m[35m (0.1ms)[0m  [1m[34mSELECT pg_advisory_unlock(723150122408807205)[0m
  ↳ bin/rails:4
  [1m[35m (0.3ms)[0m  [1m[34mSELECT "schema_migrations"."version" FROM "schema_migrations" ORDER BY "schema_migrations"."version" ASC[0m
  ↳ bin/rails:4
  [1m[35m (0.3ms)[0m  [1m[34mSELECT "schema_migrations"."version" FROM "schema_migrations" ORDER BY "schema_migrations"."version" ASC[0m
  ↳ /home/tony/.rbenv/versions/2.7.1/bin/annotate:23
  [1m[35m (0.1ms)[0m  [1m[35mBEGIN[0m
  [1m[36mUser Exists (0.5ms)[0m  [1m[34mSELECT  1 AS one FROM "users" WHERE "users"."user_name" = $1 LIMIT $2[0m  [["user_name", "Jae"], ["LIMIT", 1]]
  [1m[36mUser Exists (0.2ms)[0m  [1m[34mSELECT  1 AS one FROM "users" WHERE "users"."session_token" = $1 LIMIT $2[0m  [["session_token", "OqqBjUr1Vo_RrvEaTLUAHA"], ["LIMIT", 1]]
  [1m[36mUser Exists (0.1ms)[0m  [1m[34mSELECT  1 AS one FROM "users" WHERE "users"."user_name" = $1 AND "users"."session_token" = $2 LIMIT $3[0m  [["user_name", "Jae"], ["session_token", "OqqBjUr1Vo_RrvEaTLUAHA"], ["LIMIT", 1]]
  [1m[36mUser Create (0.3ms)[0m  [1m[32mINSERT INTO "users" ("user_name", "password_digest", "session_token", "created_at", "updated_at") VALUES ($1, $2, $3, $4, $5) RETURNING "id"[0m  [["user_name", "Jae"], ["password_digest", "$2a$12$aokDe.B2PmMXyxOxt.9YduNw/yt8hnvSQllauFeXFPaoSkvYmokle"], ["session_token", "OqqBjUr1Vo_RrvEaTLUAHA"], ["created_at", "2020-10-12 18:53:24.397308"], ["updated_at", "2020-10-12 18:53:24.397308"]]
  [1m[35m (1.9ms)[0m  [1m[35mCOMMIT[0m
  [1m[35m (0.1ms)[0m  [1m[35mBEGIN[0m
  [1m[36mUser Exists (0.3ms)[0m  [1m[34mSELECT  1 AS one FROM "users" WHERE "users"."user_name" = $1 AND "users"."id" != $2 LIMIT $3[0m  [["user_name", "Jae"], ["id", 1], ["LIMIT", 1]]
  [1m[36mUser Exists (0.2ms)[0m  [1m[34mSELECT  1 AS one FROM "users" WHERE "users"."session_token" = $1 AND "users"."id" != $2 LIMIT $3[0m  [["session_token", "OqqBjUr1Vo_RrvEaTLUAHA"], ["id", 1], ["LIMIT", 1]]
  [1m[36mUser Exists (0.2ms)[0m  [1m[34mSELECT  1 AS one FROM "users" WHERE "users"."user_name" = $1 AND "users"."id" != $2 AND "users"."session_token" = $3 LIMIT $4[0m  [["user_name", "Jae"], ["id", 1], ["session_token", "OqqBjUr1Vo_RrvEaTLUAHA"], ["LIMIT", 1]]
  [1m[36mUser Update (0.2ms)[0m  [1m[33mUPDATE "users" SET "password_digest" = $1, "updated_at" = $2 WHERE "users"."id" = $3[0m  [["password_digest", "$2a$12$Iq8eOx.6Gv9TzFk0lJOawO5rsVUKs8Ab4pTh9sg4pEjFy2rYSpe5y"], ["updated_at", "2020-10-12 18:53:55.993997"], ["id", 1]]
  [1m[35m (0.8ms)[0m  [1m[35mCOMMIT[0m
  [1m[35m (0.1ms)[0m  [1m[35mBEGIN[0m
  [1m[36mUser Exists (0.4ms)[0m  [1m[34mSELECT  1 AS one FROM "users" WHERE "users"."user_name" = $1 LIMIT $2[0m  [["user_name", "jae"], ["LIMIT", 1]]
  [1m[36mUser Exists (0.2ms)[0m  [1m[34mSELECT  1 AS one FROM "users" WHERE "users"."session_token" = $1 LIMIT $2[0m  [["session_token", "xNaW3XBoKruni7j1vI6taQ"], ["LIMIT", 1]]
  [1m[36mUser Exists (0.2ms)[0m  [1m[34mSELECT  1 AS one FROM "users" WHERE "users"."user_name" = $1 AND "users"."session_token" = $2 LIMIT $3[0m  [["user_name", "jae"], ["session_token", "xNaW3XBoKruni7j1vI6taQ"], ["LIMIT", 1]]
  [1m[36mUser Create (0.2ms)[0m  [1m[32mINSERT INTO "users" ("user_name", "password_digest", "session_token", "created_at", "updated_at") VALUES ($1, $2, $3, $4, $5) RETURNING "id"[0m  [["user_name", "jae"], ["password_digest", "$2a$12$V5WNQgwzL9zM5boQcFi/1OJNR1UbQ.qNhKI3oG93GAYp0PmjtXSLq"], ["session_token", "xNaW3XBoKruni7j1vI6taQ"], ["created_at", "2020-10-12 20:55:47.458724"], ["updated_at", "2020-10-12 20:55:47.458724"]]
  [1m[35m (0.8ms)[0m  [1m[35mCOMMIT[0m
  [1m[36mUser Load (0.7ms)[0m  [1m[34mSELECT "users".* FROM "users"[0m
Started POST "/session?user[user_name]=jae&user[password]=[FILTERED]" for 127.0.0.1 at 2020-10-12 17:14:18 -0400
  [1m[35m (0.4ms)[0m  [1m[34mSELECT "schema_migrations"."version" FROM "schema_migrations" ORDER BY "schema_migrations"."version" ASC[0m
  ↳ /home/tony/.rbenv/versions/2.7.1/lib/ruby/gems/2.7.0/gems/activerecord-5.2.4.4/lib/active_record/log_subscriber.rb:98

ActionController::RoutingError - uninitialized constant SessionsController:

Started POST "/session?user[user_name]=jae&user[password]=[FILTERED]" for 127.0.0.1 at 2020-10-12 17:18:43 -0400

LoadError - Unable to autoload constant SessionsController, expected /home/tony/Desktop/AA_BOOT/AAClasswork/W7D1/app/controllers/sessions_controller.rb to define it:

Started POST "/session?user[user_name]=jae&user[password]=[FILTERED]" for 127.0.0.1 at 2020-10-12 17:19:34 -0400
Processing by SessionsController#create as */*
  Parameters: {"user"=>{"user_name"=>"jae", "password"=>"[FILTERED]"}}
Completed 500 Internal Server Error in 67ms (ActiveRecord: 0.0ms)



NoMethodError - undefined method `require_no_user!' for #<SessionsController:0x00005567192b6238>
Did you mean?  require_or_load:

Started POST "/session?user[user_name]=jae&user[password]=[FILTERED]" for 127.0.0.1 at 2020-10-12 17:22:08 -0400
Processing by SessionsController#create as */*
  Parameters: {"user"=>{"user_name"=>"jae", "password"=>"[FILTERED]"}}
  [1m[36mUser Load (0.3ms)[0m  [1m[34mSELECT  "users".* FROM "users" WHERE "users"."user_name" IS NULL LIMIT $1[0m  [["LIMIT", 1]]
  ↳ app/models/user.rb:20
Completed 500 Internal Server Error in 6ms (ActiveRecord: 1.5ms)



NoMethodError - undefined method `is_password?' for nil:NilClass:
  app/models/user.rb:22:in `find_by_credentials'
  app/controllers/sessions_controller.rb:4:in `create'

Started POST "/session?user[user_name]=jae&user[password]=[FILTERED]" for 127.0.0.1 at 2020-10-12 17:23:51 -0400
Processing by SessionsController#create as */*
  Parameters: {"user"=>{"user_name"=>"jae", "password"=>"[FILTERED]"}}
  [1m[36mUser Load (0.2ms)[0m  [1m[34mSELECT  "users".* FROM "users" WHERE "users"."user_name" IS NULL LIMIT $1[0m  [["LIMIT", 1]]
  ↳ app/models/user.rb:20
Completed 500 Internal Server Error in 2ms (ActiveRecord: 0.2ms)



NoMethodError - undefined method `is_password?' for nil:NilClass:
  app/models/user.rb:22:in `find_by_credentials'
  app/controllers/sessions_controller.rb:4:in `create'

Started POST "/session?user[user_name]=jae&user[password]=[FILTERED]" for 127.0.0.1 at 2020-10-12 17:24:37 -0400
Processing by SessionsController#create as */*
  Parameters: {"user"=>{"user_name"=>"jae", "password"=>"[FILTERED]"}}
  [1m[36mUser Load (0.1ms)[0m  [1m[34mSELECT  "users".* FROM "users" WHERE "users"."user_name" IS NULL LIMIT $1[0m  [["LIMIT", 1]]
  ↳ app/models/user.rb:20
Completed 500 Internal Server Error in 15ms (ActiveRecord: 1.1ms)



ActionView::MissingTemplate - Missing template sessions/new, application/new with {:locale=>[:en], :formats=>[:html, :text, :js, :css, :ics, :csv, :vcf, :vtt, :png, :jpeg, :gif, :bmp, :tiff, :svg, :mpeg, :mp3, :ogg, :m4a, :webm, :mp4, :otf, :ttf, :woff, :woff2, :xml, :rss, :atom, :yaml, :multipart_form, :url_encoded_form, :json, :pdf, :zip, :gzip], :variants=>[], :handlers=>[:raw, :erb, :html, :builder, :ruby, :coffee, :jbuilder]}. Searched in:
  * "/home/tony/Desktop/AA_BOOT/AAClasswork/W7D1/app/views":
  app/controllers/sessions_controller.rb:11:in `create'

Started POST "/users/" for 127.0.0.1 at 2020-10-12 17:30:28 -0400
Processing by UsersController#create as */*
  Parameters: {"user"=>{"user_name"=>"tony", "password"=>"[FILTERED]"}}
Completed 500 Internal Server Error in 1ms (ActiveRecord: 0.0ms)



SyntaxError - syntax error, unexpected local variable or method, expecting `end'
    validates :password length: { minimum: 6, allow_nil: tr...
                        ^~~~~~:
  app/models/user.rb:16:in `'
  app/controllers/users_controller.rb:9:in `create'

Started POST "/users/" for 127.0.0.1 at 2020-10-12 17:30:43 -0400
Processing by UsersController#create as */*
  Parameters: {"user"=>{"user_name"=>"tony", "password"=>"[FILTERED]"}}
  [1m[35m (0.2ms)[0m  [1m[35mBEGIN[0m
  ↳ app/controllers/users_controller.rb:11
  [1m[36mUser Exists (0.5ms)[0m  [1m[34mSELECT  1 AS one FROM "users" WHERE "users"."user_name" = $1 LIMIT $2[0m  [["user_name", "tony"], ["LIMIT", 1]]
  ↳ app/controllers/users_controller.rb:11
  [1m[36mUser Exists (0.3ms)[0m  [1m[34mSELECT  1 AS one FROM "users" WHERE "users"."session_token" = $1 LIMIT $2[0m  [["session_token", "vOhirdFfo4BnZ0UgOn8U2Q"], ["LIMIT", 1]]
  ↳ app/controllers/users_controller.rb:11
  [1m[36mUser Exists (0.3ms)[0m  [1m[34mSELECT  1 AS one FROM "users" WHERE "users"."user_name" = $1 AND "users"."session_token" = $2 LIMIT $3[0m  [["user_name", "tony"], ["session_token", "vOhirdFfo4BnZ0UgOn8U2Q"], ["LIMIT", 1]]
  ↳ app/controllers/users_controller.rb:11
  [1m[36mUser Create (0.3ms)[0m  [1m[32mINSERT INTO "users" ("user_name", "password_digest", "session_token", "created_at", "updated_at") VALUES ($1, $2, $3, $4, $5) RETURNING "id"[0m  [["user_name", "tony"], ["password_digest", "$2a$12$9V2cVnG2Bsf2X/51FVfieOSzf/2uAGAmizabuynmQnkYqXkNDOKf."], ["session_token", "vOhirdFfo4BnZ0UgOn8U2Q"], ["created_at", "2020-10-12 21:30:43.561208"], ["updated_at", "2020-10-12 21:30:43.561208"]]
  ↳ app/controllers/users_controller.rb:11
  [1m[35m (2.2ms)[0m  [1m[35mCOMMIT[0m
  ↳ app/controllers/users_controller.rb:11
Completed 500 Internal Server Error in 282ms (ActiveRecord: 7.4ms)



NoMethodError - undefined method `sign_in!' for #<UsersController:0x00007f05619ffb88>:
  app/controllers/users_controller.rb:12:in `create'

Started POST "/users/" for 127.0.0.1 at 2020-10-12 17:31:33 -0400
Processing by UsersController#create as */*
  Parameters: {"user"=>{"user_name"=>"tony", "password"=>"[FILTERED]"}}
  [1m[35m (0.2ms)[0m  [1m[35mBEGIN[0m
  ↳ app/controllers/users_controller.rb:11
  [1m[36mUser Exists (0.3ms)[0m  [1m[34mSELECT  1 AS one FROM "users" WHERE "users"."user_name" = $1 LIMIT $2[0m  [["user_name", "tony"], ["LIMIT", 1]]
  ↳ app/controllers/users_controller.rb:11
  [1m[36mUser Exists (0.3ms)[0m  [1m[34mSELECT  1 AS one FROM "users" WHERE "users"."session_token" = $1 LIMIT $2[0m  [["session_token", "L1mcDPU9pHhWd2U9jLnCoQ"], ["LIMIT", 1]]
  ↳ app/controllers/users_controller.rb:11
  [1m[36mUser Exists (0.2ms)[0m  [1m[34mSELECT  1 AS one FROM "users" WHERE "users"."user_name" = $1 AND "users"."session_token" = $2 LIMIT $3[0m  [["user_name", "tony"], ["session_token", "L1mcDPU9pHhWd2U9jLnCoQ"], ["LIMIT", 1]]
  ↳ app/controllers/users_controller.rb:11
  [1m[35m (0.1ms)[0m  [1m[31mROLLBACK[0m
  ↳ app/controllers/users_controller.rb:11
Completed 500 Internal Server Error in 246ms (ActiveRecord: 3.5ms)



NoMethodError - undefined method `errors' for nil:NilClass:
  app/controllers/users_controller.rb:15:in `create'

Started POST "/users/" for 127.0.0.1 at 2020-10-12 17:32:12 -0400
Processing by UsersController#create as */*
  Parameters: {"user"=>{"user_name"=>"tony", "password"=>"[FILTERED]"}}
  [1m[35m (0.2ms)[0m  [1m[35mBEGIN[0m
  ↳ app/controllers/users_controller.rb:11
  [1m[36mUser Exists (0.3ms)[0m  [1m[34mSELECT  1 AS one FROM "users" WHERE "users"."user_name" = $1 LIMIT $2[0m  [["user_name", "tony"], ["LIMIT", 1]]
  ↳ app/controllers/users_controller.rb:11
  [1m[36mUser Exists (0.2ms)[0m  [1m[34mSELECT  1 AS one FROM "users" WHERE "users"."session_token" = $1 LIMIT $2[0m  [["session_token", "VUnEm4fPHKNf55u_usvGKA"], ["LIMIT", 1]]
  ↳ app/controllers/users_controller.rb:11
  [1m[36mUser Exists (0.4ms)[0m  [1m[34mSELECT  1 AS one FROM "users" WHERE "users"."user_name" = $1 AND "users"."session_token" = $2 LIMIT $3[0m  [["user_name", "tony"], ["session_token", "VUnEm4fPHKNf55u_usvGKA"], ["LIMIT", 1]]
  ↳ app/controllers/users_controller.rb:11
  [1m[35m (0.1ms)[0m  [1m[31mROLLBACK[0m
  ↳ app/controllers/users_controller.rb:11
Completed 500 Internal Server Error in 238ms (ActiveRecord: 3.6ms)



NoMethodError - undefined method `full_messeages' for #<ActiveModel::Errors:0x00007f055c454508>
Did you mean?  full_messages
               full_message:
  app/controllers/users_controller.rb:15:in `create'

Started POST "/users/" for 127.0.0.1 at 2020-10-12 17:32:22 -0400
Processing by UsersController#create as */*
  Parameters: {"user"=>{"user_name"=>"tony", "password"=>"[FILTERED]"}}
  [1m[35m (0.1ms)[0m  [1m[35mBEGIN[0m
  ↳ app/controllers/users_controller.rb:11
  [1m[36mUser Exists (0.2ms)[0m  [1m[34mSELECT  1 AS one FROM "users" WHERE "users"."user_name" = $1 LIMIT $2[0m  [["user_name", "tony"], ["LIMIT", 1]]
  ↳ app/controllers/users_controller.rb:11
  [1m[36mUser Exists (0.2ms)[0m  [1m[34mSELECT  1 AS one FROM "users" WHERE "users"."session_token" = $1 LIMIT $2[0m  [["session_token", "nTrXdrOvmYsGbk4NaGOMHw"], ["LIMIT", 1]]
  ↳ app/controllers/users_controller.rb:11
  [1m[36mUser Exists (0.2ms)[0m  [1m[34mSELECT  1 AS one FROM "users" WHERE "users"."user_name" = $1 AND "users"."session_token" = $2 LIMIT $3[0m  [["user_name", "tony"], ["session_token", "nTrXdrOvmYsGbk4NaGOMHw"], ["LIMIT", 1]]
  ↳ app/controllers/users_controller.rb:11
  [1m[35m (0.2ms)[0m  [1m[31mROLLBACK[0m
  ↳ app/controllers/users_controller.rb:11
Completed 500 Internal Server Error in 243ms (ActiveRecord: 3.8ms)



ActionView::MissingTemplate - Missing template users/new, application/new with {:locale=>[:en], :formats=>[:html, :text, :js, :css, :ics, :csv, :vcf, :vtt, :png, :jpeg, :gif, :bmp, :tiff, :svg, :mpeg, :mp3, :ogg, :m4a, :webm, :mp4, :otf, :ttf, :woff, :woff2, :xml, :rss, :atom, :yaml, :multipart_form, :url_encoded_form, :json, :pdf, :zip, :gzip], :variants=>[], :handlers=>[:raw, :erb, :html, :builder, :ruby, :coffee, :jbuilder]}. Searched in:
  * "/home/tony/Desktop/AA_BOOT/AAClasswork/W7D1/app/views":
  app/controllers/users_controller.rb:16:in `create'

Started POST "/users/" for 127.0.0.1 at 2020-10-12 17:33:39 -0400
Processing by UsersController#create as */*
  Parameters: {"user"=>{"user_name"=>"tony", "password"=>"[FILTERED]"}}
  [1m[35m (0.2ms)[0m  [1m[35mBEGIN[0m
  ↳ app/controllers/users_controller.rb:11
  [1m[36mUser Exists (0.3ms)[0m  [1m[34mSELECT  1 AS one FROM "users" WHERE "users"."user_name" = $1 LIMIT $2[0m  [["user_name", "tony"], ["LIMIT", 1]]
  ↳ app/controllers/users_controller.rb:11
  [1m[36mUser Exists (0.2ms)[0m  [1m[34mSELECT  1 AS one FROM "users" WHERE "users"."session_token" = $1 LIMIT $2[0m  [["session_token", "SSDYnbJ-ncJlPr8YkbhuyQ"], ["LIMIT", 1]]
  ↳ app/controllers/users_controller.rb:11
  [1m[36mUser Exists (0.2ms)[0m  [1m[34mSELECT  1 AS one FROM "users" WHERE "users"."user_name" = $1 AND "users"."session_token" = $2 LIMIT $3[0m  [["user_name", "tony"], ["session_token", "SSDYnbJ-ncJlPr8YkbhuyQ"], ["LIMIT", 1]]
  ↳ app/controllers/users_controller.rb:11
  [1m[35m (0.2ms)[0m  [1m[31mROLLBACK[0m
  ↳ app/controllers/users_controller.rb:11
Completed 500 Internal Server Error in 240ms (ActiveRecord: 3.6ms)



ActionView::MissingTemplate - Missing template users/new, application/new with {:locale=>[:en], :formats=>[:html, :text, :js, :css, :ics, :csv, :vcf, :vtt, :png, :jpeg, :gif, :bmp, :tiff, :svg, :mpeg, :mp3, :ogg, :m4a, :webm, :mp4, :otf, :ttf, :woff, :woff2, :xml, :rss, :atom, :yaml, :multipart_form, :url_encoded_form, :json, :pdf, :zip, :gzip], :variants=>[], :handlers=>[:raw, :erb, :html, :builder, :ruby, :coffee, :jbuilder]}. Searched in:
  * "/home/tony/Desktop/AA_BOOT/AAClasswork/W7D1/app/views":
  app/controllers/users_controller.rb:16:in `create'

Started POST "/users/" for 127.0.0.1 at 2020-10-12 17:34:29 -0400
  [1m[35m (0.5ms)[0m  [1m[34mSELECT "schema_migrations"."version" FROM "schema_migrations" ORDER BY "schema_migrations"."version" ASC[0m
  ↳ /home/tony/.rbenv/versions/2.7.1/lib/ruby/gems/2.7.0/gems/activerecord-5.2.4.4/lib/active_record/log_subscriber.rb:98
Processing by UsersController#create as */*
  Parameters: {"user"=>{"user_name"=>"tony", "password"=>"[FILTERED]"}}
  [1m[36mUser Exists (0.7ms)[0m  [1m[34mSELECT  1 AS one FROM "users" WHERE "users"."user_name" = $1 LIMIT $2[0m  [["user_name", "tony"], ["LIMIT", 1]]
  ↳ (byebug):1
  [1m[36mUser Exists (0.2ms)[0m  [1m[34mSELECT  1 AS one FROM "users" WHERE "users"."session_token" = $1 LIMIT $2[0m  [["session_token", "oe8oRvLsuRCdq4nsTjSBOg"], ["LIMIT", 1]]
  ↳ (byebug):1
  [1m[36mUser Exists (0.3ms)[0m  [1m[34mSELECT  1 AS one FROM "users" WHERE "users"."user_name" = $1 AND "users"."session_token" = $2 LIMIT $3[0m  [["user_name", "tony"], ["session_token", "oe8oRvLsuRCdq4nsTjSBOg"], ["LIMIT", 1]]
  ↳ (byebug):1
